****************************************************************************
***                            Sentaurus Mesh                            ***
***                          Version T-2022.03                           ***
***                      (0.7486838, x86_64, Linux)                      ***
***                                                                      ***
***                       Copyright (C) 2005-2022                        ***
***                            Synopsys, Inc.                            ***
***                                                                      ***
***  This software and the associated documentation are confidential     ***
***  and proprietary to Synopsys, Inc.  Your use or disclosure of this   ***
***  software is subject to the terms and conditions of a written        ***
***  license agreement between you, or your company, and Synopsys, Inc.  ***
****************************************************************************

Compiled Mon Feb 14 00:17:31 PST 2022 on: swe-vm-kcr-tcad02
Running on: qzw-Lenovo-C560
Hardware type: x86_64
OS name: Linux
OS release: 6.17.0-29-generic
OS version: #29~24.04.1-Ubuntu SMP PREEMPT_DYNAMIC Mon May 11 10:30:58 UTC 2
Process ID: 521649

Flags used:

** Generating 2d grid **

Creating binary tree...done.
Imprinting binary tree on the boundary...done.
Optimizing boundary nodes...done.

Number of vertices after binary tree generation : 
  882 (tree) + 122 (boundary)

** Delaunizing the mesh **

Creating delaunizer input...done.
Solving edges...done 
Optimizing elements...done. (886 vertices)
Fixing diagonals...done.

The final mesh has: 
     882 points.
    1671 elements.
       4 regions.
Max. connectivity = 7 located at (0.75;0.0625)


==============================  tri-grid quality  ================================
    0  10  20  30  40  50  60  70  80  90 100 110 120 130 140 150 160 170 180
 %                3      59   5          32                                
---------------------------------------------------------------------------------
minAngle: 26.5651  maxAngle: 90
nVerts = 882  nTris = 1671  nMats = 2
max connectivity (tris per node): 7
bmin: -0 -0
bmax: 2 0.5
min edgeLength: 0.015625  [near (1.03906 0.046875)]
min volume: 0.00012207  max volume: 0.03125  Total volume: 1
bbox  volume: 1
Are all boundaries on bbox? true
=================================================================================

Smallest region: R.NRegion  Total volume: 0.5
Interpolating data...done.
done.
Saving file pn2d_msh.tdr...done.

===============================  Timer Report===================================
              Total Mesh Generation Time:    0.0701s       100%
                       Rate of #Vertices:  1.26e+04
                          Rate of #Edges:   2.5e+04
                          Rate of #Faces:  2.38e+04
                       Rate of #Elements:         0

                            Time Covered:         0s         0%

