Evaluating file /home/qzw/pn2d/pn2d_sde.cmd
---> (sde:clear)
()
---> (define L 2.0)
L
---> (define H 0.5)
H
---> (define Xj 1.0)
Xj
---> (define Na 1e+17)
Na
---> (define Nd 1e+17)
Nd
---> (sdegeo:create-rectangle (position 0.0 0.0 0.0) (position L H 0.0) Silicon R.Si)
#[body 9 1]
---> (sdedr:define-constant-profile P_Doping BoronActiveConcentration Na)
#t
---> (sdedr:define-constant-profile-region P_Doping_Reg P_Doping R.Si)
#t
---> (sdedr:define-constant-profile N_Doping PhosphorusActiveConcentration Nd)
#t
---> (sdegeo:create-rectangle (position Xj 0.0 0.0) (position L H 0.0) Silicon R.NRegion)
#[body 10 1]
---> (sdedr:define-constant-profile-region N_Doping_Reg N_Doping R.NRegion)
#t
---> (sdegeo:define-contact-set Anode 4.0 (color:rgb 1 0 0) ##)
()
---> (sdegeo:define-contact-set Cathode 4.0 (color:rgb 0 0 1) ##)
()
---> (sdegeo:set-current-contact-set Anode)
""
---> (sdegeo:define-2d-contact (find-edge-id (position 0.0 (/ H 2.0) 0.0)) Anode)
"Obsolete Scheme command: sdegeo:define-2d-contact. Please update your input script and replace it with sdegeo:set-contact."
---> (sdegeo:set-current-contact-set Cathode)
"Anode"
---> (sdegeo:define-2d-contact (find-edge-id (position L (/ H 2.0) 0.0)) Cathode)
"Obsolete Scheme command: sdegeo:define-2d-contact. Please update your input script and replace it with sdegeo:set-contact."
---> (sdedr:define-refinement-size GlobalMesh 0.08 0.08 0.01 0.01)
#t
---> (sdedr:define-refinement-region GlobalMesh_Reg GlobalMesh R.Si)
#t
---> (sdedr:define-refinement-window JunctionWindow Rectangle (position (- Xj 0.15) 0.0 0.0) (position (+ Xj 0.15) H 0.0))
#[body 19 1]
---> (sdedr:define-refinement-size JunctionMesh 0.02 0.02 0.002 0.002)
#t
---> (sdedr:define-refinement-placement JunctionMesh_Placement JunctionMesh JunctionWindow)
#t
---> (sde:build-mesh snmesh  pn2d)
#t
---> #[end-of-file]
"************************************************************************"
"Sentaurus Structure Editor Obsolete commands"
"Obsolete Scheme command: sdegeo:define-2d-contact. Please update your input script and replace it with sdegeo:set-contact."
"Obsolete Scheme command: sdegeo:define-2d-contact. Please update your input script and replace it with sdegeo:set-contact."
"************************************************************************"
"************************************************************************"
"Sentaurus Structure Editor "
"Start Time:    Fri May 22 15:46:38 2026"
"End   Time:    Fri May 22 15:46:39 2026"
"Total Execution Time (sec):    1"
"Total System calls Time (sec): 0"
"************************************************************************"
