****************************************************************************
***                            Sentaurus Mesh                            ***
***                        Version O-2018.06-SP2                         ***
***                       (1.1346, x86_64, Linux)                        ***
***                                                                      ***
***                       Copyright (C) 2005-2018                        ***
***                            Synopsys, Inc.                            ***
***                                                                      ***
***  This software and the associated documentation are confidential     ***
***  and proprietary to Synopsys, Inc.  Your use or disclosure of this   ***
***  software is subject to the terms and conditions of a written        ***
***  license agreement between you, or your company, and Synopsys, Inc.  ***
****************************************************************************

Compiled Tue Oct 23 17:53:58 PDT 2018 on: tcadprod10
Running on: sentaurus
Hardware type: x86_64
OS name: Linux
OS release: 2.6.32-642.el6.x86_64
OS version: #1 SMP Tue May 10 17:27:01 UTC 2016
Process ID: 3754

Flags used:

** Generating 2d grid **

Creating binary tree...done.
Imprinting binary tree on the boundary...done.
Optimizing boundary nodes...done.

Number of vertices after binary tree generation : 
  1943 (tree) + 204 (boundary)

** Delaunizing the mesh **

Creating delaunizer input...done.
Solving edges...done 
Optimizing elements...done. (1947 vertices)
Fixing diagonals...done.

The final mesh has: 
    1943 points.
    3680 elements.
       3 regions.
Max. connectivity = 7 located at (0.875;0.03125)


==============================  tri-grid quality  ================================
    0  10  20  30  40  50  60  70  80  90 100 110 120 130 140 150 160 170 180
 %               16      34  16          33                                
---------------------------------------------------------------------------------
minAngle: 26.5651  maxAngle: 90
nVerts = 1943  nTris = 3680  nMats = 1
max connectivity (tris per node): 7
bmin: -0 -0
bmax: 2 0.5
min edgeLength: 0.0078125  [near (0.894531 0.484375)]
min volume: 6.10352e-05  max volume: 0.000488281  Total volume: 1
bbox  volume: 1
Are all boundaries on bbox? true
=================================================================================

Smallest region: R.Si  Total volume: 1
Interpolating data...done.
done.
Saving file pn2d_msh.tdr...done.

===============================  Timer Report===================================
              Total Mesh Generation Time:     0.165s       100%
                       Rate of #Vertices:  1.18e+04
                          Rate of #Edges:  2.28e+04
                          Rate of #Faces:  2.23e+04
                       Rate of #Elements:         0

                            Time Covered:         0s         0%

