****************************************************************************
***                           Sentaurus Device                           ***
***                        Version O-2018.06-SP2                         ***
***                       (1.1346, x86_64, Linux)                        ***
***                                                                      ***
***                       Copyright (C) 1994-2018                        ***
***                            Synopsys, Inc.                            ***
***                                                                      ***
***  This software and the associated documentation are confidential     ***
***  and proprietary to Synopsys, Inc.  Your use or disclosure of this   ***
***  software is subject to the terms and conditions of a written        ***
***  license agreement between you, or your company, and Synopsys, Inc.  ***
****************************************************************************

	Running on machine with the following configuration:
	Host Name: sentaurus
	Operating System: Linux rel. 2.6.32-642.el6.x86_64 ver. #1 SMP Tue May 10 17:27:01 UTC 2016
	Machine Type: x86_64
	Process ID: 6038
	Number of processors: 4
	Domain Name: (none)
	Date: Tue Jun  9 21:55:44 2026  (CST)

Tue Jun  9 21:55:44 2026: checked out 1 sdevice license(s)
Parsing circuit file /usr/synopsys/sentaurus/O_2018.06-SP2/bin/../tcad/current/linux64/lib/sdevice-28.0.1346/sd_hb_isource.ccf
Parsing circuit file /usr/synopsys/sentaurus/O_2018.06-SP2/bin/../tcad/current/linux64/lib/sdevice-28.0.1346/sd_hb_pGC.ccf
Parsing circuit file /usr/synopsys/sentaurus/O_2018.06-SP2/bin/../tcad/current/linux64/lib/sdevice-28.0.1346/sd_SRL1.ccf
Parsing circuit file /usr/synopsys/sentaurus/O_2018.06-SP2/bin/../tcad/current/linux64/lib/sdevice-28.0.1346/sd_hb_isource2.ccf
Parsing circuit file /usr/synopsys/sentaurus/O_2018.06-SP2/bin/../tcad/current/linux64/lib/sdevice-28.0.1346/sd_hb_vsource2.ccf
Parsing circuit file /usr/synopsys/sentaurus/O_2018.06-SP2/bin/../tcad/current/linux64/lib/sdevice-28.0.1346/sd_hb_sRL.ccf
Parsing circuit file /usr/synopsys/sentaurus/O_2018.06-SP2/bin/../tcad/current/linux64/lib/sdevice-28.0.1346/bs_psource.ccf
Parsing circuit file /usr/synopsys/sentaurus/O_2018.06-SP2/bin/../tcad/current/linux64/lib/sdevice-28.0.1346/sd_hb_vsource.ccf
Parsing circuit file /usr/synopsys/sentaurus/O_2018.06-SP2/bin/../tcad/current/linux64/lib/scm/MOS_harness.ccf
Parsing circuit file /usr/synopsys/sentaurus/O_2018.06-SP2/bin/../tcad/current/linux64/lib/scm/ferroelectric.ccf
Loading shared object file /usr/synopsys/sentaurus/O_2018.06-SP2/bin/../tcad/current/linux64/lib/scm/ferroelectric.so.linux64
Loading shared object file /usr/synopsys/sentaurus/O_2018.06-SP2/bin/../tcad/current/linux64/lib/scm/MOS_harness.so.linux64
Loading shared object file /usr/synopsys/sentaurus/O_2018.06-SP2/bin/../tcad/current/linux64/lib/sdevice-28.0.1346/sd_hb_vsource.so.linux64
Loading shared object file /usr/synopsys/sentaurus/O_2018.06-SP2/bin/../tcad/current/linux64/lib/sdevice-28.0.1346/bs_psource.so.linux64
Loading shared object file /usr/synopsys/sentaurus/O_2018.06-SP2/bin/../tcad/current/linux64/lib/sdevice-28.0.1346/sd_hb_sRL.so.linux64
Loading shared object file /usr/synopsys/sentaurus/O_2018.06-SP2/bin/../tcad/current/linux64/lib/sdevice-28.0.1346/sd_hb_vsource2.so.linux64
Loading shared object file /usr/synopsys/sentaurus/O_2018.06-SP2/bin/../tcad/current/linux64/lib/sdevice-28.0.1346/sd_hb_isource2.so.linux64
Loading shared object file /usr/synopsys/sentaurus/O_2018.06-SP2/bin/../tcad/current/linux64/lib/sdevice-28.0.1346/sd_SRL1.so.linux64
Loading shared object file /usr/synopsys/sentaurus/O_2018.06-SP2/bin/../tcad/current/linux64/lib/sdevice-28.0.1346/sd_hb_pGC.so.linux64
Loading shared object file /usr/synopsys/sentaurus/O_2018.06-SP2/bin/../tcad/current/linux64/lib/sdevice-28.0.1346/sd_hb_isource.so.linux64

Input source: pn2d_0v_sdevice.cmd

===============================

Output file: pn2d_0v.log_des.log


GlobalParameter {
}
no ACExtract file

PMIPath file: /usr/synopsys/sentaurus/O_2018.06-SP2/bin/../tcad/current/linux64/lib/sdevice-28.0.1346 /usr/synopsys/sentaurus/O_2018.06-SP2/bin/../tcad/current/linux64/lib/sdevice

CMIPath file: /usr/synopsys/sentaurus/O_2018.06-SP2/bin/../tcad/current/linux64/lib/sdevice-28.0.1346 /usr/synopsys/sentaurus/O_2018.06-SP2/bin/../tcad/current/linux64/lib/scm

SPICEPath file: /usr/synopsys/sentaurus/O_2018.06-SP2/bin/../tcad/current/lib/sdevice-28.0.1346/spice

no DevicePath file

no CIRCUITSAVENAME file

no CIRCUITLOADNAME file

Numerical parameters:
  Absolute error : 
    Poisson : 1.0000e-03
    eqPoisson : 1.0000e-03
    Electron : 1.0000e-05
    Hole : 1.0000e-05
    Photon-Rate-Equation : 1.0000e-07
    Photon-Phase-Equation : 1.0000e-05
    Rate-Stabilize-Equation : 1.0000e-07
    QW-Scattering-Equations : 1.0000e-05
    QW-eScattering-Equation : 1.0000e-05
    QW-hScattering-Equation : 1.0000e-05
    Optical Problem : 1.0000e-03
    Wavelength : 1.0000e-03
    Bandstructure : 1.0000e-03
    EmissionTable : 1.0000e-03
    DephasingRates : 1.0000e-03
    Photon Recycling : 1.0000e-03
    Electron-Temperature : 1.0000e-04
    Hole-Temperature : 1.0000e-04
    Lattice-Hole-Electron-Temperature : 1.0000e-03
    Circuit : 1.0000e-03
    TCircuit : 1.0000e-03
    Contact : 1.0000e-03
    TContact : 1.0000e-03
    Continuation : 1.0000e-03
    eLaplace : 1.0000e-03
    hLaplace : 1.0000e-03
    tLaplace : 1.0000e-03
    MonteCarlo : 1.0000e-03
    MCPoissonPDE : 1.0000e-03
    eQuantumPotential : 1.0000e-03
    hQuantumPotential : 1.0000e-03
    quasi-fermi-potential : 1.0000e-03
    ConductiveInsulator : 1.0000e-03
    ContactAndConductiveInsulator : 1.0000e-03
    SingletExciton : 1.0000e-05
    FEPolarization : 1.0000e-05
    eHopping : 1.0000e-03
    hHopping : 1.0000e-03
    HydrogenAtom : 1.0000e-03
    HydrogenMolecule : 1.0000e-03
    HydrogenIon : 1.0000e-03
    HydrogenSiliconBondOccupation : 1.0000e-03
    TrapPDE : 1.0000e-03
    eSHEDistribution : 1.0000e-03
    hSHEDistribution : 1.0000e-03
    Landau-Lifshitz-Gilbert[theta] : 1.0000e-03
    Landau-Lifshitz-Gilbert[phi] : 1.0000e-03
    Landau-Lifshitz-Gilbert[x] : 1.0000e-03
    Landau-Lifshitz-Gilbert[y] : 1.0000e-03
    Landau-Lifshitz-Gilbert[z] : 1.0000e-03
    Mechanics : 1.0000e-03
    ExternalTransportSolver : 1.0000e-03
    ReactionDiffusionPDE : 1.0000e-03
  RelErrControl (Reference error): 
    Poisson : 0.025852
    eqPoisson : 1
    Electron : 1.0000e+10
    Hole : 1.0000e+10
    Photon-Rate-Equation : 1.0000e-07
    Photon-Phase-Equation : 1
    Rate-Stabilize-Equation : 1.0000e-07
    QW-Scattering-Equations : 1.0000e+10
    QW-eScattering-Equation : 1.0000e+10
    QW-hScattering-Equation : 1.0000e+10
    Optical Problem : 1
    Wavelength : 1
    Bandstructure : 1
    EmissionTable : 1
    DephasingRates : 1
    Photon Recycling : 1
    Electron-Temperature : 3.0000e+02
    Hole-Temperature : 3.0000e+02
    Lattice-Hole-Electron-Temperature : 3.0000e+02
    Circuit : 1
    TCircuit : 1
    Contact : 0.025852
    TContact : 1
    Continuation : 1
    eLaplace : 1
    hLaplace : 1
    tLaplace : 1
    MonteCarlo : 1
    MCPoissonPDE : 1
    eQuantumPotential : 0.025852
    hQuantumPotential : 0.025852
    quasi-fermi-potential : 0.025852
    ConductiveInsulator : 1
    ContactAndConductiveInsulator : 1
    SingletExciton : 1.0000e+10
    FEPolarization : 0.025852
    eHopping : 0.025852
    hHopping : 0.025852
    HydrogenAtom : 1.0000e+10
    HydrogenMolecule : 1.0000e+10
    HydrogenIon : 1.0000e+10
    HydrogenSiliconBondOccupation : 1
    TrapPDE : 1.0000e-05
    eSHEDistribution : 0.025852
    hSHEDistribution : 0.025852
    Landau-Lifshitz-Gilbert[theta] : 1
    Landau-Lifshitz-Gilbert[phi] : 1
    Landau-Lifshitz-Gilbert[x] : 1
    Landau-Lifshitz-Gilbert[y] : 1
    Landau-Lifshitz-Gilbert[z] : 1
    Mechanics : 1
    ExternalTransportSolver : 1
    ReactionDiffusionPDE : 1
  Relative error : 5 digits
  Without checked transient error
  Max. #iterations : 50
  LineSearchDamping=1
  #undamped iterations : 100
  No incomplete Newton
  transient method : TR-BDF
  Linear solver : blocked decomposition
  Linear solver for AC analysis : blocked decomposition
  Linear solver for SHEDistribution Model : Super
  use linear extrapolation in transient/quasistationary computations
  use complex supernodal in ac-analysis (if possible)
  do not use smoothed PDE's in transient/quasistationary computations
  use automatic coupling of contact/circuit stuff
  Spice temperature: 3.0015e+02
  Spice nominal temperature of parameter measurements: 3.0015e+02
  Spice minimum conductance gmin: 1.0000e-12
  Use 64 bit (double) normal precision floating point arithmetic.
  Mininum |rhs| : 1.0000e-05
  Maximum |rhs| : 1.0000e+15
  Maximum |rhs| factor : 1.0000e+10
  Maximum |rhs| factor1 : 1.0000e+10
  Lattice Temperature Range : (50,5.0000e+03)
  Carrier Temperature Range : (10,8.0000e+04)
  Simplified first order SHE of BTE will be solved
  SHERefinementCutoff : 20
  No user dependencies.
  Number of assembly threads: 1 (default)
  Number of solver threads: 1 (OMP_NUM_THREADS)
  Thread stacksize: 1000000 bytes (default)
  Go serial if not enough parallel licenses are available.

Default device parameters:
  Electrodes:
    "Anode" : 0.0000e+00 V (Ohmic), area factor : 1
    "Cathode" : 0.0000e+00 V (Ohmic), area factor : 1
  RayTrace Boundaries:
  Files:
    no Boundary file
    Grid file: pn2d_msh.tdr
    no Doping file
    no MobilityDoping file
    no Load file
    no Save file
    Plot file: pn2d_0v_des.tdr
    no DevFieldsName file
    AutoNewtonPlot file: pn2d_0v_des_%d_des.tdr
    no Path file
    no Lifetime file
    no Temperature file
    Current file: pn2d_0v.plt
    no PMIUserFields file
    no Extraction file
    no ModelParameters file
    ParameterPath directories: 
    no Piezo file
    no mcDOS file
    no ModeGain file
    no Optical emission table for stimulated emission file
    no Optical emission table for spontaneous emission file
    no Optical emission table for photon phase change coefficient file
    no EmissionTable file
    no DephasingRates file
    no ASESpectrum file
    no OpticalFarField file
    no OpticalIntensityPattern file
    no SaveOpticalIntensityPattern file
    no OpticalXYAnglePattern file
    no SaveOpticalXYAnglePattern file
    no IlluminationSpectrum file
    no SpectralPlot file
    no OpticalSolverInput file
    no OpticalGenerationInput file
    no OpticalGenerationOutuput file
    no OptGenTransientScaling file
    no MonteCarloInput file
    no MonteCarloOutput file
    no ACPlot file
-----------------------------------------------
  Numerical parameters:
    With avalanche derivatives
    Using old wavelength search algorithm
    Do not reinitialize quasi Fermi potentials in quasi-stationary simulations
    Ignore ionization integral constraints
    Without diagonal preconditioning
    With Scharfetter-Gummel Discretization
    Relative error : 5 digits
    Delta for numerical tunnelling derivatives : 1.0000e-03
    Do not compute breakdown paths and ionization integrals
    QuasiFermiPotential is used for Contact Equation
    With usage of best vertex in element (maximum element-vertex volume angle) for impact ionization models
-----------------------------------------------
-----------------------------------------------
  Physical models:
    Without incomplete ionization
    Use Si parameters
    TATNonlocalPathNC = 0.0000e+00
    With SRH-Recombination
      Without field dependent lifetimes
      Without doping dependent lifetimes
      Without temperature dependent lifetimes
    Without CDL-Recombination
    With optical generation computation 
    Without Band-to-Band-Tunneling
    Without Auger-Recombination
    Without Radiative Recombination
    Without Surface-Recombination
    Without Trap-Assisted-Auger-Recombination
    PMI recombination models: none
    Without thermal resistance interfaces
    Without distributed resistance interfaces for electrons
    Without distributed resistance interfaces for holes
    Without Piezo
    Without Anisotropic Material Properties
    Without Avalanche-Generation 
    Without Alpha Particle
    Without Heavy Ion
    Without polarization
    Volume charge density: 0.0000e+00 cm^-3
    Device Temperature = 3.0000e+02 K
    Electron Quasi Fermi Potential: 0.0000e+00 V
    Hole Quasi Fermi Potential: 0.0000e+00 V
    Without MagneticField
    With SingletExciton Barrier Type
    Intrinsic density models:
      default bandgap model
      Bandgap narrowing model: OldSlotboom with bandgap narrowing (no Fermi)
    default affinity model
    default effective mass model
    Electron mobility:
      Doping dependence:
        Default
      no Carrier-Carrier scattering
      no E_normal dependence
      Without ThinLayer mobility model
      no high-field saturation
      Einstein relation for diffusivity-mobility ratio.
    Hole mobility:
      Doping dependence:
        Default
      no Carrier-Carrier scattering
      no E_normal dependence
      Without ThinLayer mobility model
      no high-field saturation
      Einstein relation for diffusivity-mobility ratio.
    Energy relaxation time model: according to formula in parameter file
    Schottky resistance model: default bult-in model
    Lattice thermal conductivity model: according to formula in parameter file
    Metal Resistivity model: according to formula in parameter file
    Thermo Electric Power model: extraploted Si data
    Metal Thermo Electric Power model: MetalThermoElectricPower model not defined
    Lattice heat capacity model: temperature dependent
    no piezoelectric polarization model
    Without default parameters from file (use built-in default parameters)
-----------------------------------------------
  Process information for extraction purposes:
    none
  Plot variables:
    ElectrostaticPotential
    ElectricField
    eDensity
    hDensity
    eQuasiFermiPotential
    hQuasiFermiPotential
    eCurrentDensity
    hCurrentDensity
    TotalCurrentDensity
    DopingConcentration
    DonorConcentration
    AcceptorConcentration
    SRHRecombination

------------------------------------------------
  NoisePlot variables:
    none
  Plot groups:
    none

------------------------------------------------
  CurrentPlot variables:
    none
Devices:
Systems:
Solve :
 Poisson
Coupled ( Digits : 5, Max. #iterations : 100, 
    Solver : blocked decomposition,
    #undamped iterations : 100 
    )
    { Poisson Electron Hole } 

===============================

Reading grid 'pn2d_msh.tdr' ... 
  coordinate system: UCS, 3d_sprocess (x is device down direction)
  use coordinate system as is (no transformation)
  TDR format
  Number of grid points is 1943.
done.

Adding interfaces and contacts .... done.

Computing edges ...
  Number of edges: 5656
done.
Computing boxes ...

  CVPL_AverageBoxMethod = TRUE 
   
  Boxmethod Parallel Computing: nbThreads = 1 

  Computing Delaunay coefficients ...   done.
  Delaunay coefficients time: (wallclock = 0.0000e+00 s, tcpu = 0.0000e+00 s)

  Parallel Computing Voronoi faces, coefficients, and measures ... 
  CVPL_Algorithm = TRUE 

    Computing Obtuse Elements ... 
     Obtuse Elements time:  tcpu = 0.0000e+00 s
      New Parameters time: (wallclock = 0.0000e+00 s, tcpu = 0.0000e+00 s)

Info for all regions (NumberOfRegions = 1):
        ElementWithMinVolume(  2610) Vertex0( 1370)( 1.062500e+00, 2.968750e-01) Volume = 6.103516e-05 um3 (6.10e-05 from TotalVolume)
          ElementWithMinEdge(  1919) Vertex0( 1014)( 1.062500e+00, 1.562500e-02) Length = 7.812500e-03 um
              MaxFlatElement(  2112) Vertex0( 1116)( 1.125000e+00, 1.250000e-01)  Angle = 9.000000e+01 degrees
         ElementWithMinAngle(  3126) Vertex0( 1047)( 1.093750e+00, 5.000000e-01)  Angle = 2.656505e+01 degrees
   ElementWithMaxQualityEdge(  1984) Vertex0( 1047)( 1.062500e+00, 7.812500e-02)    R/L = 1.118034e+00 
 ElementWithMaxQualityHeight(  1984) Vertex0( 1047)( 1.062500e+00, 7.812500e-02)    R/H = 1.250000e+00 

Info for semiconductor regions (NumberOfRegions = 1):
        ElementWithMinVolume(  2610) Vertex0( 1370)( 1.062500e+00, 2.968750e-01) Volume = 6.103516e-05 um3 (6.10e-05 from TotalVolume)
          ElementWithMinEdge(  1919) Vertex0( 1014)( 1.062500e+00, 1.562500e-02) Length = 7.812500e-03 um
              MaxFlatElement(  2112) Vertex0( 1116)( 1.125000e+00, 1.250000e-01)  Angle = 9.000000e+01 degrees
         ElementWithMinAngle(  3126) Vertex0( 1047)( 1.093750e+00, 5.000000e-01)  Angle = 2.656505e+01 degrees
   ElementWithMaxQualityEdge(  1984) Vertex0( 1047)( 1.062500e+00, 7.812500e-02)    R/L = 1.118034e+00 
 ElementWithMaxQualityHeight(  1984) Vertex0( 1047)( 1.062500e+00, 7.812500e-02)    R/H = 1.250000e+00 

   NumberOfEdges              =   5656 
   NumberOfGeometricalEdges   =   5622 
   NumberOfDoubleEdges        =      0 
   MaxNumberOfEdgesPerVertex  =      7; vertex(237) = ( 8.750000e-01,  3.125000e-02) [um]
   MaxNumberOfElementsPerEdge =      2; edge(0) = (0, 7) 
                                        vertex(0) = ( 3.125000e-02,  3.125000e-02) [um]
                                        vertex(7) = ( 6.250000e-02,  6.250000e-02) [um]

                        NumberOfVertices =   1977 
                        NumberOfElements =   3680 
                       NumberOfTriangles =   3680  (100.00 %)
                      NumberOfRectangles =      0  ( 0.00 %)
                  NumberOfObtuseElements =      0  ( 0.00 %)

  VertexWithMaxMeasure(  563)( 3.437500e-01, 3.437500e-01)
  MaxVertMeasure(9.765625e-04)/VertVolume(4.882813e-04) = 2.00e+00


/-------- Region non-Delaunay elements ---------------------------------------------------------------
 Region    Volume      BoxMethodVolume  DeltaVolume  Elements  non-Delaunay      non-DelaunayVolume 
  name      [um2]          [um2]           [%]                   Elements              [um2]   [%]   
 -----------------------------------------------------------------------------------------------------
 R.Si   1.0000000e+00  1.0000000e+00     1.7e-12      3680       0 ( 0.00 %)   0.0000000e+00 ( 0.0000) 
 .....................................................................................................
 Total  1.0000000e+00  1.0000000e+00     1.7e-12      3680       0 ( 0.00 %)   0.0000000e+00 ( 0.0000) 
\-----------------------------------------------------------------------------------------------------
    done.
  done.
  (times: wallclock = 0.01 s, tcpu = 0.0000e+00 s)
done.
Reading doping 'pn2d_msh.tdr' (TDR format) ...
done.
done.


=======
Region: "R.Si"
  (material is "Silicon")
=======
  Using default lattice crystal coordinate system:
    effective LatticeParameters:
      X = (1, 0.0000e+00, 0.0000e+00)
      Y = (0.0000e+00, 1, 0.0000e+00)
      Z = (0.0000e+00, 0.0000e+00, 1)
  Constants are not modified and equal to default ones

==========
Electrode: "Anode"
==========
  Constants are not modified and equal to default ones

==========
Electrode: "Cathode"
==========
  Constants are not modified and equal to default ones


Acceptor and donor concentrations (AcceptorConcentration, DonorConcentration):
    computed based on the following species from the doping file:
        PhosphorusActiveConcentration (donor)
        BoronActiveConcentration (acceptor)
Net doping concentration (DopingConcentration):
    obtained from doping file
Total doping concentration (TotalConcentration):
    recomputed from acceptor and donor concentrations



With Constant Reference Potential:
  Parameters of Reference Semiconductor:
    The Electron Affinity: 4.07274
    The Band Gap: 1.10821
    The Electron DOS: 2.8583e+19
    The Hole DOS: 3.1046e+19
  The Constant Reference Potential: 4.62578

===============================
Starting solve of next problem:
 Poisson
===============================

Computing poisson-equation 
using Bank/Rose nonlinear solver.

Iteration   |Rhs|      factor     |step|     error   #inner  #iterative  time
------------------------------------------------------------------------------
    0      3.07e+01                                                      0.00
    1      5.46e+00   1.00e+00   1.90e+00   2.15e+04    0         1      0.01
    2      3.64e-01   1.00e+00   1.48e+00   2.11e+04    0         1      0.01
    3      3.84e-02   1.00e+00   3.70e-01   3.50e+03    0         1      0.02
    4      6.76e-04   1.00e+00   3.75e-02   3.04e+02    0         1      0.02
    5      2.14e-07   1.00e+00   5.64e-04   4.31e+00    0         1      0.02
Finished, because...
|RHS| less than 1.0000E-05.

Accumulated times:
Rhs time:        0.01 s
Jacobian time:   0.00 s
Solve time:      0.01 s
Total time:      0.02 s

contact        voltage     electron current    hole current  conduction current
 Anode        0.000E+00       6.741E-26        -2.936E-25       -2.262E-25
 Cathode      0.000E+00      -6.741E-26         2.936E-25        2.262E-25


===============================
Starting solve of next problem:
Coupled ( Digits : 5, Max. #iterations : 100, 
    Solver : blocked decomposition,
    #undamped iterations : 100 
    )
    { Poisson Electron Hole } 
===============================

Computing Coupled( 1 poisson-equation(s) , 1 electron-equation(s) , 
                   1 hole-equation(s) ) 
using Bank/Rose nonlinear solver.

Iteration   |Rhs|      factor     |step|     error   #inner  #iterative  time
------------------------------------------------------------------------------
    0      2.14e-07                                                      0.00
    1      2.44e-06   1.00e+00   1.66e-07   9.60e-03    0         1      0.06
Finished, because...
Error smaller than 1 ( 9.6035E-03 ).

Accumulated times:
Rhs time:        0.03 s
Jacobian time:   0.00 s
Solve time:      0.03 s
Total time:      0.06 s

contact        voltage     electron current    hole current  conduction current
 Anode        0.000E+00       8.309E-26        -8.005E-25       -7.174E-25
 Cathode      0.000E+00      -8.309E-26         8.005E-25        7.174E-25

Writing plot 'pn2d_0v_des.tdr' (TDR format) ... done.

Tue Jun  9 21:55:44 2026: checked in 1 sdevice license(s)

******************************************************************************
Sentaurus Device process size: 503 megabytes
Sentaurus Device simulation times:
  wallclock: 0.42 s
  total cpu: 0.40 s
Sentaurus Device simulation finished (Date: Tue Jun  9 21:55:44 2026  (CST)).
********************************* Good Bye ! *********************************
